[2022-06-16 20:20:54] production.ERROR: Failed to parse MongoDB URI: 'mongodb+srv://username:password@<atlas-cluster-uri>/myappdb?retryWrites=true&w=majority'. Invalid service name in URI. {"exception":"[object] (MongoDB\\Driver\\Exception\\InvalidArgumentException(code: 0): Failed to parse MongoDB URI: 'mongodb+srv://username:password@<atlas-cluster-uri>/myappdb?retryWrites=true&w=majority'. Invalid service name in URI. at C:\\laragon\\www\\Luci-Building\\vendor\\mongodb\\mongodb\\src\\Client.php:124)
[stacktrace]
#0 C:\\laragon\\www\\Luci-Building\\vendor\\mongodb\\mongodb\\src\\Client.php(124): MongoDB\\Driver\\Manager->__construct('mongodb+srv://u...', Array, Array)
#1 C:\\laragon\\www\\Luci-Building\\vendor\\jenssegers\\mongodb\\src\\Connection.php(165): MongoDB\\Client->__construct('mongodb+srv://u...', Array, Array)
#2 C:\\laragon\\www\\Luci-Building\\vendor\\jenssegers\\mongodb\\src\\Connection.php(39): Jenssegers\\Mongodb\\Connection->createConnection('mongodb+srv://u...', Array, Array)
#3 C:\\laragon\\www\\Luci-Building\\vendor\\jenssegers\\mongodb\\src\\MongodbServiceProvider.php(31): Jenssegers\\Mongodb\\Connection->__construct(Array)
#4 [internal function]: Jenssegers\\Mongodb\\MongodbServiceProvider->Jenssegers\\Mongodb\\{closure}(Array, 'mongodb')
#5 C:\\laragon\\www\\Luci-Building\\vendor\\laravel\\framework\\src\\Illuminate\\Database\\DatabaseManager.php(130): call_user_func(Object(Closure), Array, 'mongodb')
#6 C:\\laragon\\www\\Luci-Building\\vendor\\laravel\\framework\\src\\Illuminate\\Database\\DatabaseManager.php(95): Illuminate\\Database\\DatabaseManager->makeConnection('mongodb')
#7 C:\\laragon\\www\\Luci-Building\\vendor\\laravel\\framework\\src\\Illuminate\\Support\\Facades\\Schema.php(49): Illuminate\\Database\\DatabaseManager->connection()
#8 C:\\laragon\\www\\Luci-Building\\vendor\\laravel\\framework\\src\\Illuminate\\Support\\Facades\\Facade.php(166): Illuminate\\Support\\Facades\\Schema::getFacadeAccessor()
#9 C:\\laragon\\www\\Luci-Building\\vendor\\laravel\\framework\\src\\Illuminate\\Support\\Facades\\Facade.php(255): Illuminate\\Support\\Facades\\Facade::getFacadeRoot()
#10 C:\\laragon\\www\\Luci-Building\\app\\Ship\\core\\Providers\\ApiatoProvider.php(112): Illuminate\\Support\\Facades\\Facade::__callStatic('defaultStringLe...', Array)
#11 C:\\laragon\\www\\Luci-Building\\vendor\\laravel\\framework\\src\\Illuminate\\Container\\BoundMethod.php(36): Apiato\\Core\\Providers\\ApiatoProvider->boot()
#12 C:\\laragon\\www\\Luci-Building\\vendor\\laravel\\framework\\src\\Illuminate\\Container\\Util.php(40): Illuminate\\Container\\BoundMethod::Illuminate\\Container\\{closure}()
#13 C:\\laragon\\www\\Luci-Building\\vendor\\laravel\\framework\\src\\Illuminate\\Container\\BoundMethod.php(93): Illuminate\\Container\\Util::unwrapIfClosure(Object(Closure))
#14 C:\\laragon\\www\\Luci-Building\\vendor\\laravel\\framework\\src\\Illuminate\\Container\\BoundMethod.php(37): Illuminate\\Container\\BoundMethod::callBoundMethod(Object(Illuminate\\Foundation\\Application), Array, Object(Closure))
#15 C:\\laragon\\www\\Luci-Building\\vendor\\laravel\\framework\\src\\Illuminate\\Container\\Container.php(653): Illuminate\\Container\\BoundMethod::call(Object(Illuminate\\Foundation\\Application), Array, Array, NULL)
#16 C:\\laragon\\www\\Luci-Building\\vendor\\laravel\\framework\\src\\Illuminate\\Foundation\\Application.php(924): Illuminate\\Container\\Container->call(Array)
#17 C:\\laragon\\www\\Luci-Building\\vendor\\laravel\\framework\\src\\Illuminate\\Foundation\\Application.php(905): Illuminate\\Foundation\\Application->bootProvider(Object(Apiato\\Core\\Providers\\ApiatoProvider))
#18 [internal function]: Illuminate\\Foundation\\Application->Illuminate\\Foundation\\{closure}(Object(Apiato\\Core\\Providers\\ApiatoProvider), 18)
#19 C:\\laragon\\www\\Luci-Building\\vendor\\laravel\\framework\\src\\Illuminate\\Foundation\\Application.php(906): array_walk(Array, Object(Closure))
#20 C:\\laragon\\www\\Luci-Building\\vendor\\laravel\\framework\\src\\Illuminate\\Foundation\\Bootstrap\\BootProviders.php(17): Illuminate\\Foundation\\Application->boot()
#21 C:\\laragon\\www\\Luci-Building\\vendor\\laravel\\framework\\src\\Illuminate\\Foundation\\Application.php(237): Illuminate\\Foundation\\Bootstrap\\BootProviders->bootstrap(Object(Illuminate\\Foundation\\Application))
#22 C:\\laragon\\www\\Luci-Building\\vendor\\laravel\\framework\\src\\Illuminate\\Foundation\\Console\\Kernel.php(310): Illuminate\\Foundation\\Application->bootstrapWith(Array)
#23 C:\\laragon\\www\\Luci-Building\\vendor\\laravel\\framework\\src\\Illuminate\\Foundation\\Console\\Kernel.php(127): Illuminate\\Foundation\\Console\\Kernel->bootstrap()
#24 C:\\laragon\\www\\Luci-Building\\artisan(37): Illuminate\\Foundation\\Console\\Kernel->handle(Object(Symfony\\Component\\Console\\Input\\ArgvInput), Object(Symfony\\Component\\Console\\Output\\ConsoleOutput))
#25 {main}
"} 
